\BOOKMARK [0][-]{chapter.1}{Introduction}{}
\BOOKMARK [1][-]{section.1.1}{Description of KIELER}{chapter.1}
\BOOKMARK [1][-]{section.1.2}{Description of the KIEM}{chapter.1}
\BOOKMARK [1][-]{section.1.3}{Outline of this Document}{chapter.1}
\BOOKMARK [-1][-]{part.1}{Configurations in the KIEM}{}
\BOOKMARK [0][-]{chapter.2}{Problem Statement}{part.1}
\BOOKMARK [1][-]{section.2.1}{Configurations}{chapter.2}
\BOOKMARK [2][-]{subsection.2.1.1}{Default Configuration}{section.2.1}
\BOOKMARK [1][-]{section.2.2}{Easier configuration loading}{chapter.2}
\BOOKMARK [0][-]{chapter.3}{Used technologies}{part.1}
\BOOKMARK [1][-]{section.3.1}{Eclipse}{chapter.3}
\BOOKMARK [2][-]{subsection.3.1.1}{Plug-ins}{section.3.1}
\BOOKMARK [2][-]{subsection.3.1.2}{Preference Pages}{section.3.1}
\BOOKMARK [0][-]{chapter.4}{Concepts}{part.1}
\BOOKMARK [1][-]{section.4.1}{Configurations}{chapter.4}
\BOOKMARK [2][-]{subsection.4.1.1}{Default Configuration}{section.4.1}
\BOOKMARK [1][-]{section.4.2}{Easier Configuration loading}{chapter.4}
\BOOKMARK [0][-]{chapter.5}{Code changes in the KIEM}{part.1}
\BOOKMARK [1][-]{section.5.1}{Schema files and Interfaces}{chapter.5}
\BOOKMARK [2][-]{subsection.5.1.1}{Toolbar Contribution Provider}{section.5.1}
\BOOKMARK [2][-]{subsection.5.1.2}{Configuration provider}{section.5.1}
\BOOKMARK [2][-]{subsection.5.1.3}{Event Manager}{section.5.1}
\BOOKMARK [1][-]{section.5.2}{KIEMPlugin.java}{chapter.5}
\BOOKMARK [1][-]{section.5.3}{KIEMView}{chapter.5}
\BOOKMARK [0][-]{chapter.6}{KiemConfigurationPlugin}{part.1}
\BOOKMARK [1][-]{section.6.1}{Implementation of extension point}{chapter.6}
\BOOKMARK [2][-]{subsection.6.1.1}{The implementing classes}{section.6.1}
\BOOKMARK [2][-]{subsection.6.1.2}{Manager classes}{section.6.1}
\BOOKMARK [2][-]{subsection.6.1.3}{Utility and Data classes}{section.6.1}
\BOOKMARK [1][-]{section.6.2}{Preference pages}{chapter.6}
\BOOKMARK [2][-]{subsection.6.2.1}{Configuration page}{section.6.2}
\BOOKMARK [2][-]{subsection.6.2.2}{Scheduling page}{section.6.2}
\BOOKMARK [0][-]{chapter.7}{Conclusion}{part.1}
\BOOKMARK [1][-]{section.7.1}{Results}{chapter.7}
\BOOKMARK [1][-]{section.7.2}{Further improvements}{chapter.7}
\BOOKMARK [-1][-]{part.2}{Automated Execution in the KIEM}{}
\BOOKMARK [0][-]{chapter.8}{Problem Statement}{part.2}
\BOOKMARK [1][-]{section.8.1}{Setting up an Automated Run}{chapter.8}
\BOOKMARK [1][-]{section.8.2}{Input for the Automation}{chapter.8}
\BOOKMARK [1][-]{section.8.3}{Automate the execution}{chapter.8}
\BOOKMARK [1][-]{section.8.4}{Output of the results of the execution}{chapter.8}
\BOOKMARK [0][-]{chapter.9}{Used technologies}{part.2}
\BOOKMARK [1][-]{section.9.1}{Eclipse WorkbenchJob API}{chapter.9}
\BOOKMARK [1][-]{section.9.2}{Eclipse Wizards}{chapter.9}
\BOOKMARK [0][-]{chapter.10}{Concepts}{part.2}
\BOOKMARK [1][-]{section.10.1}{Setting up an Automated Run}{chapter.10}
\BOOKMARK [1][-]{section.10.2}{Input for the Automation}{chapter.10}
\BOOKMARK [1][-]{section.10.3}{Automate the execution}{chapter.10}
\BOOKMARK [1][-]{section.10.4}{Output of the results of the execution}{chapter.10}
\BOOKMARK [0][-]{chapter.11}{Code changes in KIEMPlugin}{part.2}
\BOOKMARK [1][-]{section.11.1}{Schema files and Interfaces}{chapter.11}
\BOOKMARK [1][-]{section.11.2}{Automated Component}{chapter.11}
\BOOKMARK [2][-]{subsection.11.2.1}{provideProperties\(\)}{section.11.2}
\BOOKMARK [2][-]{subsection.11.2.2}{wantAnotherStep\(\)}{section.11.2}
\BOOKMARK [2][-]{subsection.11.2.3}{wantsAnotherRun\(\)}{section.11.2}
\BOOKMARK [1][-]{section.11.3}{Automated Producer}{chapter.11}
\BOOKMARK [0][-]{chapter.12}{The Automated Executions Plug-in}{part.2}
\BOOKMARK [1][-]{section.12.1}{The wizard}{chapter.12}
\BOOKMARK [2][-]{subsection.12.1.1}{File selection page}{section.12.1}
\BOOKMARK [2][-]{subsection.12.1.2}{Property Setting page}{section.12.1}
\BOOKMARK [2][-]{subsection.12.1.3}{Processing the information}{section.12.1}
\BOOKMARK [1][-]{section.12.2}{The Execution manager and job}{chapter.12}
\BOOKMARK [2][-]{subsection.12.2.1}{Execution Manager}{section.12.2}
\BOOKMARK [2][-]{subsection.12.2.2}{Execution Job}{section.12.2}
\BOOKMARK [1][-]{section.12.3}{The View}{chapter.12}
\BOOKMARK [2][-]{subsection.12.3.1}{Toolbar}{section.12.3}
\BOOKMARK [0][-]{chapter.13}{Conclusion}{part.2}
\BOOKMARK [1][-]{section.13.1}{Results}{chapter.13}
\BOOKMARK [1][-]{section.13.2}{Further improvements}{chapter.13}
\BOOKMARK [0][-]{appendix*.22}{Bibliography}{part.2}
